<?xml version="1.0" encoding="UTF-8"?>
<!-- Generated by org.testng.reporters.JUnitReportReporter -->
<testsuite skipped="0" hostname="DESKTOP-OUS6GQJ" name="testCase.Login.AdduserTest" tests="4" failures="0" timestamp="2021-06-01T10:05:14 IST" time="56.283" errors="0">
  <testcase name="navigateToemp" time="11.930" classname="testCase.Login.AdduserTest"/>
  <system-out/>
  <testcase name="verifyNavigation" time="0.048" classname="testCase.Login.AdduserTest"/>
  <system-out/>
  <testcase name="AddEmloyee" time="34.828" classname="testCase.Login.AdduserTest"/>
  <system-out/>
  <testcase name="addJobDetails" time="9.477" classname="testCase.Login.AdduserTest"/>
  <system-out/>
</testsuite> <!-- testCase.Login.AdduserTest -->
