<?xml version="1.0" encoding="UTF-8"?>
<!-- Generated by org.testng.reporters.JUnitReportReporter -->
<testsuite skipped="0" hostname="DESKTOP-OUS6GQJ" name="testCase.Login.LoginTest" tests="1" failures="0" timestamp="2021-03-15T18:46:25 IST" time="35.971" errors="0">
  <testcase name="verifyLoginWithCreadentials" time="35.971" classname="testCase.Login.LoginTest"/>
  <system-out/>
</testsuite> <!-- testCase.Login.LoginTest -->
